0

8
1 1 0 0 0 5 5 5 
13
5 5 0 0 1 1 2 2 2 1 0 0 0 
14
5 5 2 2 2 5 1 2 5 2 2 2 1 1 
17
5 5 1 1 1 5 0 1 5 0 0 0 5 5 1 1 1 
31
2 5 5 0 0 0 5 5 2 2 2 1 1 1 5 0 1 1 5 1 1 1 0 0 0 5 5 5 1 1 1 
56
2 2 2 1 1 0 0 0 1 1 2 1 1 0 0 0 5 0 5 5 2 2 2 1 2 2 5 1 1 0 0 0 5 0 0 1 0 0 0 5 2 2 2 5 5 0 5 0 1 1 1 0 0 5 5 5 
56
2 2 2 1 1 0 0 0 1 1 2 1 1 1 5 5 5 2 2 2 1 1 1 2 5 1 2 5 1 1 1 0 0 0 5 0 5 5 2 2 2 5 5 0 5 5 5 1 1 1 0 0 0 5 5 5 
57
2 2 5 5 0 5 5 2 2 2 5 1 2 2 2 1 1 1 5 1 1 1 0 0 0 5 0 1 5 0 0 0 5 5 1 1 1 0 1 1 2 5 1 1 1 0 0 0 5 5 2 2 2 1 1 1 5 
57
2 2 5 5 0 5 5 2 2 2 5 1 2 2 2 1 1 1 5 0 0 0 5 5 2 5 5 1 2 2 2 1 1 5 0 1 5 5 5 2 2 2 1 2 5 1 1 1 0 0 0 5 5 5 1 1 1 
57
2 2 5 5 0 5 5 2 2 2 5 1 2 2 2 1 1 1 5 1 1 1 0 0 0 1 2 5 1 1 1 0 0 0 5 5 5 0 1 0 1 5 5 5 2 2 2 1 1 1 5 1 1 1 0 0 0 
57
2 2 5 5 0 5 5 2 2 2 5 1 2 2 2 1 1 1 5 1 1 2 1 1 0 0 0 1 2 2 2 1 1 0 1 1 5 1 1 1 0 0 5 5 5 0 1 5 5 5 2 5 2 2 2 1 1 
57
2 2 5 5 0 5 5 2 2 2 5 1 2 2 2 1 1 1 5 1 2 5 1 1 1 0 0 0 5 5 5 1 5 5 5 2 2 1 1 1 2 5 1 1 1 5 0 1 5 0 0 0 5 5 1 1 1 
57
2 2 5 5 0 5 5 2 2 2 5 1 2 2 2 1 1 1 5 1 1 1 0 0 0 1 5 5 0 5 5 2 2 2 1 2 1 1 1 5 0 1 1 1 0 0 5 5 1 2 5 1 2 2 2 1 1 
58
2 2 2 5 5 0 5 5 2 2 2 5 1 2 2 2 1 1 1 5 1 1 1 0 0 0 5 0 1 5 0 0 0 5 5 1 1 1 0 1 1 2 5 1 1 1 0 0 0 5 5 2 2 2 1 1 1 5 
58
2 2 2 5 5 0 5 5 2 2 2 5 1 2 2 2 1 1 1 5 0 0 0 5 5 2 5 5 1 2 2 2 1 1 5 0 1 5 5 5 2 2 2 1 2 5 1 1 1 0 0 0 5 5 5 1 1 1 
58
2 2 2 5 5 0 5 5 2 2 2 5 1 2 2 2 1 1 1 5 1 1 1 0 0 0 1 2 5 1 1 1 0 0 0 5 5 5 0 1 0 1 5 5 5 2 2 2 1 1 1 5 1 1 1 0 0 0 
58
2 2 2 5 5 0 5 5 2 2 2 5 1 2 2 2 1 1 1 5 1 1 2 1 1 0 0 0 1 2 2 2 1 1 0 1 1 5 1 1 1 0 0 5 5 5 0 1 5 5 5 2 5 2 2 2 1 1 
58
2 2 2 5 5 0 5 5 2 2 2 5 1 2 2 2 1 1 1 5 1 2 5 1 1 1 0 0 0 5 5 5 1 5 5 5 2 2 1 1 1 2 5 1 1 1 5 0 1 5 0 0 0 5 5 1 1 1 
58
2 2 2 5 5 0 5 5 2 2 2 5 1 2 2 2 1 1 1 5 1 1 1 0 0 0 1 5 5 0 5 5 2 2 2 1 2 1 1 1 5 0 1 1 1 0 0 5 5 1 2 5 1 2 2 2 1 1 
