2
2
8
16
16
64
128
128
512
1024
851104391
347148259
1
272491703
270614344
519714668
685285330
145350442
307061702
899333202
79107420
346040761
885312257
550399936
440261586
731646770
369496569
170473536
693122275
387135057
791175838
154257511
955129099
200161508
207718119
771154485
36689522
936982932
568837404
372975743
126889028
149794951
42645219
371467442
770860902
805472983
844653437
861749605
833842132
196022493
815055684
755120274
604620399
716813678
815121914
171147286
506307318
813371128
926010917
163813770
634312735
405520124
889289081
449734963
85246579
742972794
609682474
502095975
186590916
347974647
644618130
964033411
55328715
609443499
897082999
636917112
594106239
310616229
783828375
789734128
779633529
701623065
734706082
941030050
566279400
510421905
351926106
857503634
613417171
787746051
880158011
390744237
826743920
542826346
176902425
398699004
853109554
159629011
688599125
294752693
