3168436
469060676
267386926
650050857
482098510
126020225
472407586
984045943
869249823
197789101
304176138
418685703
9846423
29310471
354842938
269594640
86960373
120673786
74177505
553718053
635399401
710048763
117600584
534926031
465239158
246368210
86004574
553509638
233895661
717219454
959195815
189263248
781958549
317507496
15072812
420858106
959821435
740683878
592632300
618667073
265017066
333165045
928871636
96858915
994168481
557192492
417045287
460505147
528455107
817545152
255006539
457411162
222524086
39975058
935454685
591148122
503001153
167266283
44527426
983092853
382698135
787803209
818859566
793133062
44425171
816936434
875873911
773693923
673217726
77690703
153507105
513616933
481366784
979384917
850178907
415217637
156062816
715522686
461357693
277179163
201019517
770467915
750878391
924581813
511887657
735286087
103035208
9109801
556360144
345358656
61072695
120996179
464043222
307399585
907694502
280054310
452874591
363250453
440950187
962631387
