0
0
0
0
0
0
0
3
1
0
0
0
0
0
0
0
0
1
0
0
0
0
0
0
0
1
0
1
2
0
1
0
0
0
0
1
0
0
0
0
1
1
1
0
0
0
0
0
0
0
0
0
0
1
1
1
1
0
0
0
0
0
0
0
0
0
0
0
0
0
0
0
2
1
1
0
0
0
0
0
0
0
0
0
0
0
0
0
0
0
0
0
0
0
2
0
0
0
0
0
0
1
1
0
0
0
0
0
0
0
0
0
0
0
0
0
0
2
0
0
0
0
0
0
0
0
0
0
1
0
0
0
0
0
0
0
0
0
3
0
0
1
0
0
0
0
1
0
0
0
0
0
0
0
0
0
0
1
0
0
0
0
0
0
1
0
0
0
0
1
0
1
0
0
0
0
0
0
0
0
0
0
1
0
0
0
0
0
0
0
0
0
0
0
0
0
0
0
0
0
0
0
0
3
0
3
1
0
0
0
0
1
0
2
0
1
1
2
4
1
1
0
2
2
0
0
0
1
0
0
0
0
1
1
0
1
2
0
0
0
0
0
2
1
1
0
0
0
0
0
0
0
1
1
0
3
5
0
1
4
2
4
4
0
0
0
0
0
0
1
0
0
0
0
0
5
0
0
0
0
2
2
0
1
1
0
0
1
2
0
0
0
0
0
2
0
0
0
0
0
0
1
1
1
1
0
1
0
0
1
0
1
0
0
0
0
1
0
3
2
3
0
0
0
0
0
1
0
2
0
0
0
1
2
0
0
0
0
4
1
0
0
0
1
0
0
0
0
0
0
1
0
0
0
1
0
1
0
3
0
1
1
0
1
1
0
4
2
1
2
1
2
5
0
2
1
0
0
0
0
0
0
2
0
0
3
0
2
0
1
0
0
0
0
1
0
0
0
0
0
0
2
4
66687
66563
66882
66188
67109
66493
67376
67174
66305
66438
66889
66999
67138
67377
66643
66344
66844
66344
67327
66991
66494
66926
66991
66765
66970
66677
66540
66334
67010
66732
66375
66445
66724
66681
66489
66696
66597
66879
66451
67024
67195
66832
66346
67065
67006
67141
67294
66750
66653
67033
66875
66960
66430
66399
66641
66378
66833
66864
66701
66690
66714
67219
66692
66715
66713
66939
67008
66848
66302
66979
66967
66995
66508
66956
66822
66439
66512
66821
66466
67095
66850
67391
66933
66741
66365
66329
67154
66752
66861
66595
66152
66673
66500
67134
67049
67012
67041
62025
61958
61787
62088
61496
61999
61765
61569
61640
61893
61833
61833
62216
61779
61445
62009
61650
61503
61605
61792
61995
61640
62351
61884
61667
61762
62052
61749
61871
61825
61627
61888
61718
61948
61794
61511
62277
61969
61517
62025
62181
61779
62162
62174
62218
61692
61403
61700
62003
62217
61943
62033
61806
61831
62013
62036
62192
61852
62052
61290
61460
61965
61328
61694
61885
61379
61387
61422
61851
61587
62038
61444
61494
61676
62074
62080
61758
62067
62259
61897
61771
61462
61872
61492
61836
61411
61537
62024
61754
61489
61973
62308
62007
61949
61822
61765
62451
61325
61629
62184
61809
61413
62074
61953
62156
61909
62052
61861
62438
62074
62026
61395
61854
61936
61943
61953
61476
61902
61864
61818
61844
61449
61396
62319
61802
61875
61884
61789
61489
61768
61659
62095
61668
61969
62050
62386
62110
61922
61733
61909
62153
62315
62400
62306
61530
62412
61886
62079
62244
62191
61890
61641
61396
61785
61695
61554
62148
61366
61565
61915
61834
61421
61508
61602
61704
62164
61946
62251
61546
61765
61593
61730
62105
61928
62002
62070
61949
61941
62043
62034
61737
61975
61592
61995
61991
62031
62151
61572
61762
61720
61931
61843
61612
61910
62205
61945
61795
61607
61521
62044
62032
61643
61458
61825
61713
61763
61277
62025
61519
61663
61596
61992
61666
61693
61760
61423
62129
61938
61597
61711
62118
61721
61618
61899
61553
62010
61572
61742
61673
61748
62083
62291
61769
61844
61641
61932
61503
61463
62149
61600
62018
62042
62148
61354
61712
61850
62079
62017
61749
61803
62389
61938
61383
61418
61604
61603
62071
61631
61655
61961
62387
61676
61929
61879
61951
61943
62197
61802
61680
61670
62016
61869
61761
61999
61842
61516
61562
61388
61886
62001
62427
61347
61681
62032
61840
61832
61707
61788
61717
61712
61787
61389
61978
62045
61396
61803
61612
61560
61322
62183
61328
61692
61803
62343
61694
61740
61305
61988
61687
62281
62052
61772
61452
61824
62003
61962
61745
62218
62259
61751
61673
62191
61677
61833
61612
62404
62121
61883
61533
62167
62050
61699
61526
61718
61366
61687
61852
61541
62039
61423
61370
61760
62245
61591
61844
62079
61960
61621
61695
61903
61864
61742
61915
61549
61860
62285
62122
62257
62273
61940
62088
61477
61953
61636
61854
61557
61905
61557
62268
61604
61737
61496
61647
62186
61649
62148
62110
61835
61947
62236
62384
61559
61488
62055
61780
61676
62033
61833
61648
61868
62343
61526
62064
62254
61886
62261
61901
61589
61661
61896
61770
61858
62213
61931
61571
62072
62152
62091
61719
61851
61384
62094
61992
61967
61920
61964
61816
61860
61415
61734
61632
61828
61832
62105
62138
61932
62261
61929
61735
61980
61666
61921
62266
61802
61957
61985
61835
62074
61558
61875
61724
61646
61930
62033
61773
62318
62114
61478
61664
61374
62117
62011
61277
61782
61650
62028
61657
61324
61660
61874
61688
61520
61976
61994
62234
61939
61968
62141
61939
61555
61693
61819
61922
62235
62118
61548
62042
61920
61294
62002
62350
61505
61797
62281
61950
61933
61608
61900
61745
62374
61617
61940
61813
61817
62050
61435
61678
62053
61464
61677
42983
42536
42557
42706
42665
42761
42327
42648
42621
42603
42689
42539
42845
42581
42620
42727
42745
42399
42413
42705
42390
42774
42470
42264
42328
42618
42707
42491
42650
42673
42583
42507
42700
43055
42768
42646
42425
42538
42741
42692
42612
42427
42616
42673
42702
42553
42751
42525
42759
42609
42583
42586
42838
42487
42719
42475
42681
42703
42313
43000
42593
42556
42660
42351
42647
42204
42960
42439
42567
42432
42793
42459
42577
42539
42872
42631
42847
42666
42470
42853
42551
42800
42432
42830
42766
42700
42742
42527
42386
42820
42350
42542
42655
42696
42851
42772
42613
42459
42471
42640
42511
42434
42800
42701
42709
42916
42752
42680
42677
42433
42671
42592
42756
42791
42795
42841
42606
42631
42395
42537
42351
42565
42833
42364
42881
42399
42460
42483
42852
42654
42766
42747
42987
42783
42689
42578
42876
42380
42635
42783
42698
42942
42882
42704
42848
42338
42618
42916
42657
42652
42362
42948
42535
42513
42569
42929
42626
42408
42596
42694
42534
42880
42952
42459
42450
42760
42651
42747
42677
42794
42915
42605
42523
42962
42521
42838
42650
42528
42784
42395
42848
42589
42809
42773
42654
42691
42728
42890
42496
42746
42514
42253
42630
42325
42565
42490
42670
42927
42796
42870
42554
42493
42664
42500
42471
42536
42970
42715
42759
42643
42782
42658
42746
42633
42691
42686
42673
42391
42303
42648
42797
42688
42945
42507
42718
42925
42468
42904
42588
42536
42987
42551
42553
42344
42701
42686
42602
42583
42802
42820
42899
42993
42373
42417
42664
42740
42616
42779
42536
42430
42703
42298
42608
42496
42565
42677
42762
42463
42768
42548
42626
42777
42928
42668
42624
42629
42708
42647
42900
42518
42640
42751
42504
42328
42722
42867
42339
42677
42850
42717
42590
42695
42456
42412
42674
42515
42780
42488
42787
42866
42769
42560
42760
42570
42980
42667
42416
42483
42413
42664
42661
42588
42539
42529
42662
42538
42655
42525
42538
42693
42401
42917
42553
42539
42639
42339
42800
42591
42855
42841
42485
42423
42812
42261
42382
42501
42627
42727
42624
42874
42746
42611
42718
42611
42783
42898
42598
42786
42851
42724
42371
42726
42786
42728
42870
42382
42265
42532
42624
42885
42766
42349
42453
42572
42949
42352
42656
42798
42440
42436
42770
42705
42847
42663
42375
42484
42560
42738
42399
42681
42393
42526
42842
42543
42894
42290
42839
42380
42355
42418
42740
42532
42640
42513
42783
42800
42609
42353
42383
42547
42841
42741
42818
42622
42527
42752
42689
42240
42325
42844
42597
42488
42686
42503
42419
42359
42612
42469
42784
42451
42521
42389
42720
42646
42933
42577
42335
42982
42582
42669
42379
42765
42388
42380
42469
42626
42740
42531
42480
42533
42545
43035
42417
42648
42386
42378
42830
42971
42528
42951
42725
42842
42697
42419
42798
42352
42639
42341
42563
42686
42527
42355
42687
43006
42885
42599
42376
42665
42408
42701
42899
42299
42587
42430
43028
42687
42758
42392
42673
42751
42595
42851
42926
42312
42672
42868
42444
42555
42781
42411
42437
42408
42776
42656
42384
42774
42507
42684
42616
42710
42602
42637
42689
42827
42599
42506
42541
42493
42316
42511
75806
75354
75642
75724
75649
75835
75709
76223
75989
75908
75496
76025
75802
75635
76011
75993
75860
76341
76390
75252
75400
75492
76024
75336
75779
75359
76305
75963
75925
75895
76332
75847
75795
76262
75540
75470
76467
75419
75725
75678
75934
76017
75698
75650
75390
75964
75378
75537
75531
75617
76159
75789
75777
75366
75216
75936
75372
76204
76112
76081
76126
75824
75998
75608
75864
75454
75926
75934
75941
75711
76148
76017
75998
75585
75956
76246
75908
76279
76418
76026
75509
75712
75611
75310
75609
75607
75837
75887
75519
75766
75682
75504
75793
76363
75586
75992
76013
75778
76339
75772
76048
76044
76010
76053
76091
75824
76042
75153
75769
76399
76049
75458
75432
75604
76377
75322
76283
75513
75713
75150
76544
76234
76365
75756
75615
75756
75564
76333
75550
76279
75694
75632
75836
75687
76388
75595
76449
75738
76414
75733
75872
75616
75842
75885
75485
76098
75842
75780
75204
75799
75369
75867
75250
76056
75813
75430
75259
75265
75327
75508
76263
76012
75790
76550
76142
75168
75506
75780
75571
75137
76000
76155
75913
75878
75307
75618
76160
75936
75700
75778
75771
75732
76081
75413
75466
75639
76415
75776
75656
76054
76245
76232
75378
75957
75833
75989
75866
75496
75733
75747
75429
75845
75464
75811
75834
76016
75809
75294
75657
75411
75577
75853
75813
76019
76285
76116
76136
75644
75485
75487
76478
76386
75263
75801
76580
75890
75741
75921
75816
76029
75944
75382
75347
75671
75864
75141
75418
76231
75610
75609
75842
75528
75668
75720
76313
75220
75833
75955
75850
76164
75902
75811
75296
76115
75755
75951
75484
75598
75953
75797
76010
75634
75508
75863
75925
76033
75954
76358
75762
75749
75699
76217
75584
76246
75617
76124
75301
76328
75480
75824
75716
75848
75587
75868
75589
75971
75437
75672
75369
75561
76320
75331
76329
76393
75910
75354
75737
75716
75749
75956
76115
75527
75863
75313
75731
75586
75728
75637
76212
75193
75163
76364
75498
75490
75739
75734
76242
75232
75915
76263
76050
75526
75386
75914
75394
76283
75675
75669
75511
75718
76124
75784
76098
75620
75716
75311
75645
75797
76229
75568
75661
75632
75737
76276
76128
75353
76097
75585
75811
76202
76129
75512
75974
76360
75938
75747
75624
75713
75162
75939
76110
75509
75375
75579
75552
76157
75586
76151
76288
75947
76201
75933
75739
75966
75374
75959
75812
75798
75977
75915
76016
75370
75737
75234
75385
75879
75735
75785
75928
76008
75594
75443
75687
75901
75919
75726
75535
76030
75975
76043
75651
75645
75622
75633
75625
76047
75987
75955
75927
75444
76094
76308
75899
75749
75933
76106
76140
76381
76047
75564
75384
75576
75381
75833
75903
75880
76367
75816
75763
76352
75970
76095
76077
76041
75627
76517
75987
75811
75631
75922
75322
75686
75940
75798
75604
76383
75796
76417
76206
75951
76243
76077
75881
76198
75790
75542
75826
75983
76051
76308
75819
75527
76165
75266
75468
75544
75684
75807
75464
75321
76249
75849
75986
75985
76341
75194
75883
76124
76262
76142
75930
75498
75278
75861
75314
76263
76427
75786
75849
75777
76435
75612
76001
75388
75306
75900
76028
76236
76257
76209
