1473
5241
2386
9009
10260
1544
3522
1062
1521
11761
7673
1610
12663
12199
1559
5674
2136
3899
1616
3088
3367
1198
1193
3262
6391
5245
1588
3308
402
7682
14897
3719
11672
20374
11054
5572
4451
26058
5163
7415
1921
5601
3165
3040
3591
1000
10849
6464
3571
1261
6830
1179
1910
5307
1471
3028
361
10093
4294
2887
26519
2765
9172
1103
1206
1412
5083
2618
2741
6910
1068
6392
1060
5560
12672
12114
29304
4786
16192
746
7177
12920
3411
1810
6949
8271
2094
1177
1547
9104
6718
2161
1955
9398
1325
8510
1089
4422
1588
4602
3640
793
14800
2981
11344
7038
4115
12834
3350
1329
4637
8761
7525
2432
17569
878
15053
10106
2814
1884
17432
3254
1292
4257
7578
24641
1173
9465
2850
1763
438
10748
1517
739
1962
1475
535
3598
24864
1802
7413
3992
2269
6100
1803
1450
8106
3622
16078
1673
2534
6797
1739
5841
13095
1736
1499
2073
1485
4666
1599
2386
535
8656
4901
4755
5660
1161
13642
35472
6462
1708
5572
6415
7233
2791
1525
2903
21403
1022
1596
15243
1788
1626
6037
1537
1680
2638
1038
817
1799
5576
5526
19050
5291
1369
16581
5004
8604
6524
938
4643
847
10442
2053
2226
1096
2409
9166
1411
4616
5536
2470
806
5254
3869
3532
2018
993
433
2787
5139
1490
5890
3559
6425
3457
477
10817
1484
3299
8921
1065
6632
1689
17533
2818
4109
7019
4627
2240
7401
3549
1657
20983
6533
4293
3334
3285
1613
1560
11637
6524
5763
6625
2641
11213
1179
13415
4011
1859
4678
5600
6828
9723
9057
25248
3044
13281
3200
1214
8092
3234
1848
15356
3856
1907
24112
1879
3855
3884
6462
7089
2313
5294
9682
14215
898
15501
17247
3482
1710
6297
2007
1434
6872
14135
5004
4069
4894
5514
7113
16147
1630
18893
7580
753
1252
4304
6425
8050
1621
4253
3636
5826
9422
1816
1648
11864
1307
26442
4628
29080
6043
5194
7964
2991
3112
1149
799
6069
5799
1386
3591
1586
1941
8920
1947
1480
3109
5047
2046
22472
2762
1858
31471
4159
604
2286
2973
15618
472
325
1399
14392
419
2272
2578
23838
730
6388
1002
5867
2578
3176
1589
12872
17621
1889
666
2016
1592
1969
4143
2667
666
3675
1274
3033
570
923
7676
582
2844
3763
2770
4120
15044
4137
4905
5578
2582
1634
4297
19781
736
10400
84570
4823
3257
5671
1350
6447
14155
1440
1214
1245
1236
2602
327
926
1989
4523
11259
12825
31036
803
10220
3847
10289
4650
1880
1025
2378
6873
3952
1087
7595
1985
2301
4338
8009
10439
3213
2330
15267
1423
1727
8224
13989
22037
1213
3607
1457
364
7267
10192
8600
2602
4828
5740
13148
11283
20916
5785
1342
2513
1567
2091
684
2544
4489
2560
1929
5136
9006
1742
6227
3561
11169
4449
2710
8672
1798
3390
1785
2931
676
4516
6080
313
26914
4724
1909
590
792
9841
2070
5698
5310
6443
13332
34211
1493
8479
5732
2843
4420
7200
11745
2480
10980
657
7359
1471
4270
3602
7569
848
16242
1461
5311
8230
11362
3455
2921
5622
14727
2924
5281
4309
1397
3382
9091
11012
2225
9556
357
2300
27868
2551
40130
24707
2786
1788
2272
1316
8473
5339
2313
741
3460
2008
1369
1771
727
3591
3409
3245
1347
11192
3805
742
1186
23027
5015
1923
3242
4257
6146
3724
12978
7856
6797
1727
1707
1635
1924
30335
3090
457
3219
3564
3227
1987
2620
3083
4341
8373
3438
5504
3754
1511
9422
17367
3326
1443
805
7559
6451
20864
15132
1564
2253
6207
2200
1873
2388
876
2921
912
5757
5682
4770
4021
13721
1830
32248
14186
473
543
2833
11649
1793
2426
1594
1404
39927
11307
3816
14837
13833
1315
2401
1042
12839
3267
1267
2079
3687
5209
1189
3460
6332
15116
13061
3512
14835
7647
1046
1237
1662
7078
647
12786
1993
4386
7568
2233
1118
6039
2274
1586
6318
13571
5297
6875
1498
418
1782
4039
1897
2544
2556
1798
21380
1531
4398
3390
16611
3906
2661
1432
10002
2575
3484
2812
2220
9394
6887
1480
9147
3945
5537
21487
1007
3167
5511
605
1389
3963
2188
798
57159
2242
6171
19130
656
1368
30136
7140
7744
2849
2195
3367
690
4366
5964
4046
9975
4787
2714
4227
19565
3808
9918
18814
8778
1003
4443
5496
13691
52687
1850
1276
3116
1641
4705
2263
10620
536
5215
15453
1704
4695
4276
2123
372
781
4053
4303
4676
911
3671
3832
20494
785
1693
2087
1570
6320
2167
1257
6515
6923
12924
1800
932
1946
5259
5520
7722
6655
3692
7043
3491
3961
5772
3263
2894
9117
3464
4367
2659
5569
913
3457
3634
3670
1669
1224
14175
5186
2832
9734
6633
6094
5378
9489
11948
931
2253
8885
3148
11588
879
3490
2838
1722
1768
13885
1711
5959
9561
8859
9959
17440
17045
2146
745
13022
1274
1324
6017
1325
1477
13113
3792
1048
3368
3412
4934
4361
13056
23740
1743
16841
1472
7244
16930
36541
1209
489
13803
3352
4007
4126
2291
3067
6863
960
2980
801
1597
2768
2723
2648
1514
4263
1410
11423
16112
29175
1848
8468
3949
6084
10394
2785
2231
2442
2203
13723
9156
2881
900
3596
7876
9829
4308
680
17498
3335
1521
1432
9933
1604
8990
8109
1358
6832
4851
6674
8274
9167
810
7371
828
24980
28298
1960
731
8967
5797
473
512
982
3549
1620
4478
1991
2071
5676
4902
3338
13837
2629
4590
946
6251
4936
31761
6711
5096
5768
1064
2739
1706
10858
14374
3415
7761
1846
2018
17710
1788
2931
5803
7724
8122
22195
2023
502
1712
3289
1338
6019
1042
2801
1172
14338
10442
1112
3629
7234
15192
11664
2773
913
5748
1069
13287
2043
2323
9007
655
3867
2129
584
1899
4013
4536
3934
1606
5824
9231
2264
4285
3034
1048
402
5302
14970
23254
5948
2631
10503
4649
3132
1959
19663
6456
1091
3179
5121
2794
1705
9704
1018
3565
3959
6673
770
26702
2362
2565
2569
1740
19205
9026
11467
1815
2149
11297
1959
1191
3323
1098
19297
5663
1164
3380
30851
974
8015
2364
1193
1214
923
2670
2618
6502
9763
3635
3104
386
1312
1030
5969
3045
2214
4890
1412
1535
914
35552
2403
2128
2490
8213
2882
1238
8103
31461
617
1204
13769
3389
2457
5950
413
9462
2755
10759
2506
4751
4991
4174
1967
16815
3556
4699
2931
2480
4121
2986
1983
14276
3904
6112
3221
2738
2963
10854
1538
25514
13930
2266
718
1579
5442
3206
5163
11995
7813
9534
3947
13166
4999
3032
5210
2072
4235
869
3834
9160
6363
7989
2708
13925
20017
18707
4751
18859
1072
12611
4136
1477
1006
10490
1888
5795
18439
2742
168
1471
753
6822
924
4317
3523
873
4154
4001
2624
2820
5752
1115
717
3893
4930
779
1956
15444
5253
5087
3437
6145
1495
11479
1872
1959
2226
8519
7306
11882
5259
1681
10506
3170
18884
2513
1295
1138
5357
7048
5899
29480
2180
3661
2909
1533
1606
968
595
734
10071
2185
1962
8079
8876
1704
20751
1207
46695
4242
1072
17055
529
30395
2112
621
3175
2423
2825
7345
1262
20155
19461
1795
3784
11155
2024
2331
2061
2497
2809
10157
2368
3920
10409
1348
7840
1244
9886
4322
2589
3010
12519
12661
1508
10951
6556
11463
11692
1813
2901
56151
1003
9638
4003
6910
24681
10792
1803
16768
2607
3281
4061
2028
1178
2642
3640
31667
27019
10035
170
4693
6007
10525
2240
1429
775
6617
1964
3991
5293
14832
507
1656
4948
4504
1398
16637
15415
6166
8491
1823
698
2353
5510
19075
1279
1747
1311
1109
15419
727
749
2070
5576
5601
7071
3854
3277
4815
16438
785
3910
5338
5746
7030
1751
3107
3738
1027
6887
8668
6429
7168
3710
4836
4193
1896
665
2604
5954
6109
3642
2565
5333
1377
8194
40038
4118
75659
4491
6171
2780
3366
922
6266
2507
844
2789
1754
2655
5721
1813
13010
20830
14241
2167
6679
1791
1192
9575
4165
6660
6523
4441
2583
5561
3723
13061
3957
10850
6540
15691
559
2345
10605
3591
1876
951
3637
6647
885
1351
6443
5814
7644
1757
1729
7132
9098
3124
11428
7555
5947
7657
18173
7905
1494
9888
2044
2910
4181
1211
1372
1369
846
5876
5323
923
5481
2992
8837
2459
13291
339
18047
2409
2594
2033
2412
1239
23139
10921
7613
11825
854
2927
3843
9348
6350
420
2587
23284
7754
1112
1342
25245
917
4466
1935
7772
7722
2593
4151
1946
1089
891
4503
620
8027
1279
1237
3836
2487
5029
9127
1735
2674
33010
2781
3404
17421
1406
4678
13866
22759
3485
2816
33093
2598
6527
10686
9402
3735
1951
669
3175
7622
1639
26421
7252
1689
8921
4174
5422
1260
6109
11413
6125
15403
2417
1805
23836
1559
2546
9315
1898
6854
1554
27872
15807
4922
2510
3120
9846
1587
3671
2075
1439
7615
14763
8992
22071
1841
4031
40326
18665
8794
602
37533
3439
6174
34472
2974
2582
3211
3187
1191
918
1312
2322
4426
3630
4610
8218
2937
2223
2771
8878
860
25447
1247
2131
12061
10559
2240
1257
4718
7461
4367
24633
2727
5159
2843
7728
5280
18818
3768
10433
2614
1998
7888
2147
569
1901
5729
16871
1719
23032
4787
1631
8273
3031
6516
17899
2377
1873
6939
2706
3807
2557
8685
4633
2251
1919
702
3110
485
10757
2954
15105
732
1787
3555
15382
964
1381
3229
1969
34153
1902
10338
2110
17926
670
889
5092
1949
2381
12155
2479
5628
1324
19482
4355
1988
2505
18043
2254
2804
4608
5522
5215
5573
3508
1089
3547
2000
2738
5305
10314
2978
17242
1794
2425
797
3374
7095
11825
6101
2321
6591
4921
2362
6995
4832
10693
3860
2005
2278
2084
519
13071
10326
1307
7987
2383
852
1143
2460
4912
2987
1483
4279
3557
2214
1329
8484
35934
9698
3772
5958
3974
4959
4012
4090
9353
3493
872
2484
1583
9169
2908
8267
2633
1560
1979
12794
1013
12861
2340
1572
4205
2047
3128
26716
4843
6410
4503
4850
11901
4402
15371
14289
10750
697
13581
1696
2678
1391
2934
1636
6289
38634
2908
8058
2168
5925
6937
23200
6235
4873
9315
3733
6909
11489
6088
5820
7489
6227
2283
836
820
3845
3518
27849
4165
1289
2283
3042
1990
15340
6763
6579
1083
4457
675
1774
5931
1720
8497
2901
2186
2913
4613
5741
4712
4437
8530
5257
3334
4100
4585
414
13964
5295
4861
10122
342
5789
6081
12139
934
7649
2237
17226
3403
10485
1111
3114
13144
1609
3310
381
3605
3884
2349
7158
2428
2155
5319
987
6193
9615
7731
4305
4612
19013
3210
14534
7595
9568
7702
4326
3397
5459
1238
27585
2045
559
13338
6749
901
21045
2971
4078
12992
3770
1361
2220
994
5695
23069
7463
33429
2525
17865
2228
2707
3169
1479
8942
737
5057
620
1120
1156
17958
1447
6200
4840
16425
663
7102
1029
21897
1067
7076
2430
2885
16561
1865
5760
3978
2009
831
4620
1833
46041
13656
1619
627
9334
1211
23080
1009
1173
5131
2845
1796
5037
1967
757
3087
6091
6897
2953
1195
1586
2778
4055
8793
1613
35924
3073
2561
1085
2885
54915
2485
2453
24362
11495
1382
2574
2835
10356
8166
5915
3250
2347
13467
1052
3629
1392
1551
2698
1874
5096
5984
2401
2977
1190
6324
10939
12044
4561
2548
5594
1373
1770
1088
6112
22011
3573
509
955
14957
1422
26420
1462
40510
3333
3022
5166
1440
689
11557
2017
13781
7685
6232
1757
5752
3531
21919
1238
1645
7282
9171
11897
4122
11773
6374
7737
6482
2622
726
11336
1542
1129
317
1544
2195
2691
4832
2487
2000
1013
9880
18871
3407
2266
3041
3825
5933
3129
3561
9865
4533
2307
1294
8528
8539
7189
8221
15507
9480
14164
13408
20983
1596
4377
1162
2903
9665
8798
4171
13242
2770
2264
779
1923
1272
833
38512
3392
2204
461
8834
2819
6511
4768
3240
4171
2600
5127
2552
19729
19571
14294
21493
2788
7833
9323
12654
3276
835
3150
3100
781
16575
4911
709
1977
7276
3677
2570
3298
2407
2196
2815
2294
1331
2618
3769
7622
1070
8339
521
1369
11033
1198
3894
1993
1249
1055
6871
5477
2090
8422
8350
4233
3250
4672
3769
13392
2406
833
1459
3116
7497
5958
19246
997
22415
1632
9273
3645
13016
2020
5616
4744
4140
1020
4773
5059
6080
4752
4417
2066
14516
1868
1570
513
1544
1135
1883
8914
13836
3346
1530
12887
1997
2510
8289
5005
7101
26051
8118
1472
3051
1815
1105
6492
2352
12072
9112
5061
2938
3397
5297
801
1025
2865
1557
3469
9459
2373
1654
6744
625
15592
6138
5909
1008
12008
41909
988
1798
3102
15961
2291
3242
4229
3309
4439
4492
3090
11559
6714
926
3459
644
750
16152
2906
48529
2765
40801
1138
1758
5047
10255
2027
6820
2174
3031
21275
2504
23318
2044
8675
1810
3311
20496
2509
1041
16959
9283
9621
3510
8923
6173
11685
4946
1189
387
3157
17032
4046
1761
910
10903
421
7976
16502
5255
2690
4006
8638
4939
18389
11631
17433
3760
3220
14576
10943
628
12746
4202
7614
1168
3255
1418
5629
19613
302
3826
3954
26807
6400
3935
8249
18041
4710
1808
278
12223
953
2182
47147
5803
1018
2867
1923
13714
8485
15691
938
3791
2599
453
2985
2898
2811
3785
2265
2728
1817
6972
2017
15290
8009
3679
10101
954
4814
7497
10493
3419
2490
1265
3123
5419
2916
3180
29407
349
1493
8589
5624
12925
855
605
1424
2577
16862
4277
3758
3777
4299
12733
10613
28964
41970
2896
910
5830
656
343
3179
1862
8493
1706
12807
1415
3962
10813
2184
10100
3739
3329
3120
3696
9439
10794
6982
5241
2279
34383
1903
9344
4488
2368
3124
7861
6183
1810
3812
1388
3870
2619
4126
4849
426
1157
2014
12815
3023
934
3192
9964
9742
4973
2542
10071
28277
1580
16772
1026
5569
5014
4580
405
8111
4568
9528
1845
3466
14333
1492
4741
1504
5157
6115
4348
48301
5516
935
1508
5194
6909
25052
1821
1106
2615
1961
1787
3754
7488
17884
4767
7271
10213
4005
5071
7238
910
11380
1998
5256
5093
1052
1754
931
8238
3162
17286
2051
7177
6406
4593
1164
17211
2725
22493
10057
671
1490
2043
5403
532
1311
4662
956
2616
7459
3311
4745
12475
5587
4757
7003
7656
25752
1966
3552
2375
4541
3662
12261
5615
26819
8670
28048
23985
1199
12979
2273
5030
6709
17005
4978
1096
2012
25499
5307
2307
2944
6172
25993
6543
1352
1616
2055
6383
696
2355
3881
659
17444
1916
5417
1194
2019
2481
6752
2281
23997
5458
9704
22436
8216
11901
4279
12140
7761
3523
9433
6369
2217
1517
731
6847
702
12122
6366
9841
2474
4997
1043
2206
1465
1993
3416
1173
7276
11227
3429
27784
611
1331
9480
947
7251
10864
5651
2134
4113
15440
19447
2995
1191
1004
579
1012
1714
8153
3286
2960
848
1521
5003
1116
1780
4573
5931
2245
7489
2329
889
11854
1112
391
1147
722
2512
1322
1838
1780
3486
2199
992
3633
1762
4748
3618
1781
5518
11731
13269
14299
1814
841
11011
3629
935
4999
11474
4051
1487
2202
4638
4207
1503
351
6341
8455
9162
6372
31173
17811
10736
12143
2224
3684
3371
8350
1327
1770
10974
830
5876
1390
4003
1814
10016
819
12821
3604
5072
2955
978
13931
3337
529
1198
1956
12842
2469
2275
10991
383
7595
2732
3635
1413
37512
4221
4830
1032
1706
1960
2643
5773
7956
1152
563
838
5341
21128
891
10554
3725
2432
3141
786
5643
4961
1079
7935
14710
1853
9556
3120
1430
1661
2652
1609
5331
358
1406
1225
860
3087
1102
8342
3732
9181
665
7597
18883
8056
3908
1098
6486
2129
1789
34883
3838
7186
504
11231
5141
5690
1277
1061
10406
2820
6380
5406
2716
1557
5209
615
3517
4622
626
22067
2406
6346
3547
5222
2448
3876
2730
10942
1433
1008
12255
2077
1850
1497
15444
1056
339
29179
23869
23100
453
14830
1800
3857
12120
2885
4513
1459
3274
5811
3028
4817
5249
1892
10232
2275
10464
2630
2447
503
2809
8182
5690
8666
9453
15638
1657
8610
8874
11237
543
808
6246
10634
4576
1018
3769
716
14782
4597
12179
7108
5046
7056
2188
22272
24525
4115
6842
2295
5938
4939
5080
2125
9171
1431
1548
1912
2183
23276
6064
3612
3357
2071
1987
4990
959
18111
337
6979
16396
2906
1746
1420
2225
9547
2061
11366
3107
2004
753
33711
1121
9945
2586
702
2762
1812
9484
826
820
6456
13304
16493
2007
7332
2046
773
3419
3421
3480
876
8454
5935
1915
3940
1958
2862
2773
2630
1043
2619
326
1082
8886
5144
2601
1429
789
8286
7922
9506
41164
1956
1946
3388
20556
16174
4061
2733
945
1596
1724
7727
2484
11446
4259
6806
1612
8122
29321
4321
914
4315
8481
16043
33649
1437
13107
2799
7104
1739
683
1827
5186
35239
2519
9643
7144
3738
3149
1074
3797
2836
788
4383
7859
17411
3894
6281
8487
3105
2853
855
7251
2704
2596
1095
5870
6555
1602
3399
3486
4503
2738
19661
2337
1518
1592
1217
1027
595
4232
7953
4860
3115
6919
21974
4290
3911
1116
8330
1783
2751
3741
1230
4655
2281
2764
15115
3063
8349
3187
1032
2077
11955
6544
4321
11101
2958
6624
8022
1666
1839
2493
3760
10258
7653
8770
372
692
6743
1559
9717
8083
21123
9895
7418
9988
1276
10427
2002
2719
862
24417
6452
6601
26839
7515
12677
6113
2093
1303
1362
7061
15067
39921
1924
3491
4693
1333
1790
8872
14533
1608
12383
1666
3289
8436
696
6233
1727
6208
20256
2823
1179
33817
37936
3652
1352
2848
506
2329
7451
2172
1527
3809
13243
1936
3776
1609
2263
1182
7148
1874
1444
10691
519
1933
1672
2331
12849
15599
16940
1432
15272
1821
2908
1017
3529
3594
2009
1608
9134
3256
7309
4275
2851
2193
8167
7017
2964
6931
2320
2394
8708
4707
2861
4447
1330
5274
4240
5452
1811
4758
6953
14669
12475
8467
5021
4360
697
25459
4759
2377
11926
2135
20115
2739
8012
2811
17034
14065
11497
1473
1473
2334
1103
5796
1044
572
1540
2004
26451
16483
3187
3961
5846
4173
958
4565
1703
4547
2479
3768
9508
7003
3462
6326
637
7481
3241
13911
944
2104
10387
12642
2039
1751
14576
6415
1735
9556
4663
2269
1404
17832
14128
19064
1946
6708
1187
3473
12383
2864
9223
16362
8730
499
3371
3270
17721
1021
7706
36324
7180
27094
1211
33987
2172
3914
11251
7251
1797
6770
2852
1753
1274
448
3523
2063
17798
19237
2028
2579
4166
7384
2903
3365
7966
5798
1771
3062
8834
761
2790
3742
2525
3170
2082
2026
36920
2917
12424
1314
2123
2126
1867
2113
16725
5046
4820
4893
2406
7551
17170
14147
4997
23607
13199
1911
6348
1055
17784
16820
5129
16150
5174
883
33942
1123
2396
4828
6909
1150
34360
9405
1668
5804
3234
9921
1292
7936
514
9622
2035
4599
6226
3332
7957
2004
3563
3443
4041
4413
4805
2610
2623
4319
3570
1231
1157
3431
4756
3798
3634
6221
19679
17191
9173
322
16751
2199
2440
2445
978
3800
17061
752
5696
2598
2773
13472
3125
6791
12675
7314
22075
6771
24687
6933
2930
3063
1237
6441
20137
1369
12322
2136
521
7352
736
1258
26487
4355
5457
3702
32523
2247
2403
7159
566
10040
5668
27617
19506
1016
1452
6880
782
6037
2822
4266
2046
10453
3543
1840
11473
6439
5281
4899
569
13508
2649
6203
655
4203
1170
9424
1242
1248
788
1791
3701
7885
7287
5801
1890
8578
2376
3663
690
19163
994
7617
2933
5896
2769
3931
6581
2075
6170
1913
3558
6278
1872
3100
10493
3339
1854
6275
15677
1760
5509
2939
3402
6749
1256
10792
3383
2772
2743
2358
2488
6769
14981
28285
5993
2123
1093
2847
3192
2480
6375
1539
2719
1506
5131
2151
9021
5792
9559
2839
2925
15184
2849
15699
4371
1990
15069
8674
4113
1155
23776
3597
511
15378
2524
2795
3000
4186
2673
8632
14221
6811
17129
4695
64187
12106
5023
477
8296
2904
19582
1153
5003
1726
800
781
417
13171
2856
1517
14822
3230
1807
1282
2513
11606
12439
1828
3682
4978
5525
3444
5987
4502
1967
2831
3275
616
10198
4987
3062
3501
1621
2141
1233
991
1100
1113
2945
2696
805
8047
905
3461
6828
658
601
583
5864
2505
11511
4901
1153
8746
11722
8028
2020
2710
1537
10264
1694
1522
3214
2354
28561
5443
4072
7300
4457
552
15224
7944
6462
1663
8582
5260
2614
5291
12199
593
4543
1879
2774
2895
4968
16083
4138
5781
2110
1237
3865
3699
5666
15936
2213
455
12283
7059
11059
1641
1487
8114
23078
2167
3987
11488
15201
3134
607
9494
2335
4207
4376
2580
7729
1454
908
16040
6368
15112
860
4984
36683
6171
3550
3289
900
3687
4717
1743
5369
1205
7331
2693
1155
4104
1295
5396
13290
4871
7257
461
8158
1567
12585
8749
1214
742
1005
3116
3731
4760
4803
5360
12437
16616
3911
370
3709
3368
1394
11873
8982
3151
3949
1897
7206
39395
12326
1064
10887
5574
674
8304
8553
5879
1267
3998
6358
10069
6023
3042
14502
3671
1512
1521
22075
5516
1221
567
3437
1404
11813
12930
4157
5358
7985
3908
4879
936
868
3294
429
15543
1232
7458
11464
1212
1544
662
5464
3286
970
618
2597
29188
4390
5404
1475
7603
14467
8636
1023
15576
1431
15696
2556
1150
1271
1683
3871
573
2550
2163
1218
2130
7053
3405
27450
1478
3782
33651
4671
7291
1688
3318
6696
2373
25075
10999
12794
1244
1677
1537
6917
1964
1633
2768
8001
3654
25227
6500
5327
1247
6345
5939
3447
4262
11712
4350
13406
4269
1689
10779
2070
3592
4854
15785
1191
2017
662
547
1193
588
13703
17384
744
2501
1835
1890
3746
16338
2152
3731
2066
735
932
3048
31491
1702
8002
2942
2507
3056
4615
4666
3603
8665
8305
3486
1751
432
4326
17024
6412
7812
1493
3261
3098
9666
1115
5466
6255
2836
12616
35127
12913
3083
7394
17408
1378
7849
4498
1342
5758
1125
5308
2626
6210
3560
1032
5570
2183
8195
1586
1241
1414
15102
773
13346
2692
602
11656
5137
7450
2162
2465
920
8664
1460
1279
1333
17436
7189
9643
1782
5497
13577
1850
2827
8287
3269
5636
3140
7246
9515
1743
6869
25854
1103
18489
3959
1215
12125
6818
10221
2232
4034
10922
13788
2399
17588
3891
12581
1111
12289
2734
16064
17283
7040
2097
958
2499
12409
6284
1372
4509
7548
4674
6106
14871
4112
660
2065
9463
6468
2932
3712
7980
2797
6666
33244
1598
4726
3665
4984
4397
2816
899
6968
1847
4861
5084
22779
1249
3857
3768
12786
736
930
1934
6952
4667
4282
1000
3495
609
24598
18008
1254
570
4474
51997
2073
6776
1356
28643
10143
532
17495
4015
5758
12245
4095
1723
9612
897
1727
363
2716
590
604
549
1169
1585
16138
5530
1589
5362
1401
4031
5413
1605
3448
2978
1912
455
789
8801
923
11493
1671
11006
1701
7678
3790
574
7289
798
3980
905
9680
3028
7996
6515
18855
2818
12793
416
3181
1802
4519
1138
755
5806
2408
3359
1340
1251
1388
2269
12759
2459
390
4585
8498
787
1353
1391
4280
1984
2674
4658
4220
7231
4228
11738
2690
2801
1335
11303
9367
14637
9967
10443
32980
53697
5201
7369
6095
7989
3379
14132
6608
41347
15303
3902
2651
11908
4437
1613
3561
3901
32160
762
5620
739
2441
4263
5224
606
13340
3320
6067
2839
3656
15055
14684
24413
8709
1346
18572
2844
10064
652
7780
3691
1305
15632
3817
13819
6125
2594
2871
3739
4425
31739
2520
4829
12693
16205
1298
9404
7742
2455
27856
22420
1155
2100
25585
3512
1523
3925
2663
5258
7728
2922
1687
2239
2376
3500
9407
3824
10347
24126
2193
2017
3319
1246
4288
14211
2666
10131
6086
19702
1183
1180
11425
3786
1574
4396
4652
1924
2701
2945
2322
13016
1570
23214
7461
8690
17685
8890
2636
16177
5941
2814
2304
3368
22356
590
1647
1186
3820
6317
1468
7835
8008
2050
6784
4901
2522
7481
1079
1554
4749
2302
8593
12782
2582
10383
3687
1564
5650
9669
1491
8546
617
3894
1602
2093
1748
4088
3829
2369
7602
7187
2358
4586
6185
3911
4065
16667
13359
547
5209
2150
3030
1980
1867
5100
14731
10131
10654
16582
679
5378
2719
4635
4348
20840
4200
11997
2964
4001
28703
2439
1897
2523
5225
7606
2167
317
3626
798
8277
3263
5945
3076
1900
5667
10869
1681
1251
17737
39748
2012
751
2810
734
3078
1611
9089
1737
1669
4345
2781
2539
331
5599
16101
13147
2841
11702
10254
2007
8048
13109
3609
2631
6127
5461
4433
6877
1528
4104
4532
2108
5141
5253
8860
4723
1024
5488
2617
8951
5205
5418
3425
1170
1871
1533
1182
3109
1389
6813
1270
16841
2709
1168
6726
1951
4969
3679
9314
1887
4070
2199
14066
974
1194
7673
709
12433
5720
9498
4850
16766
1270
662
4235
6299
6234
6821
3065
10828
1653
607
6942
10363
2677
3474
5158
11694
6114
2102
1410
11466
17027
3042
2296
2160
4522
2019
3618
3138
3262
4880
8835
1800
3110
3789
10173
2359
15369
15827
11770
1595
2955
7994
1968
4238
39313
14874
831
2312
892
1121
3305
3544
4815
1962
20745
5775
3593
26317
15906
3543
613
4772
16429
5197
1573
8067
414
11449
37846
29135
48114
7101
2783
1356
4956
929
1915
1462
7422
2730
2316
8632
1226
2826
2242
3048
2627
2555
14103
6603
10553
1969
1569
2137
2430
7769
8749
6198
16745
572
7866
1265
7397
1190
1938
6608
2345
2892
1270
1653
7959
1532
1547
7567
4359
3568
24077
1099
18677
5703
4658
969
1569
5363
3374
1976
18314
4320
2783
5141
1735
4504
2574
3731
38800
1286
2144
1965
1486
12275
1847
2250
1905
1612
2555
9769
733
3217
983
8753
8118
1327
2256
945
2394
3434
14102
11669
1004
9250
1803
2287
1934
4692
3822
3539
10057
10295
4800
7568
794
3094
16257
8399
5185
4679
9741
10776
2679
2951
6385
6096
35167
9758
2826
2355
16251
3580
3173
1239
3673
3805
367
18115
3208
3291
5479
792
4729
789
563
1667
17802
13154
865
30829
1069
1613
6059
4839
13656
2354
2924
5345
1136
1838
9529
2373
4531
1006
7149
10222
22518
4528
10663
12093
2595
2617
10865
2941
3308
3748
13187
1440
2121
10545
4238
2157
5204
1802
3126
4737
9386
1793
999
3720
1636
30245
4656
10477
12783
2643
15928
11676
1438
2666
1143
13171
3376
3044
2404
11303
1896
6071
559
6220
25863
4173
3065
1498
29988
11935
751
2112
523
1725
1306
1436
454
10564
5369
1558
7903
7740
18337
10235
3907
4882
1250
2897
9223
9186
6037
2330
4648
1451
6448
1241
905
2480
2940
1524
21862
12615
10807
6918
4812
2557
2531
15489
14357
9382
7338
8287
20498
39499
2945
5295
605
5839
11885
925
12490
20986
6205
1048
2283
795
15312
4875
5549
9254
5501
4226
2173
1705
27457
19165
6077
18979
10420
957
10972
12109
4978
32430
2066
18725
8217
2539
2581
644
13647
16313
7976
1226
6416
13200
1900
26927
4758
12824
4537
2352
3040
22119
2033
1599
7204
2895
691
2851
5436
4844
3194
10334
3961
7033
1102
1547
15628
1114
9689
6932
4278
7502
12648
2101
3816
1697
13009
845
3822
27049
8198
2173
8901
4397
2254
15897
4108
50113
795
5130
7511
5445
7052
15865
2605
2647
2885
3786
5276
1403
690
2935
65362
11190
42613
2689
2106
1254
1265
1764
3407
3536
805
13934
1082
3642
1592
10907
1446
1848
3751
975
4000
5720
2818
24491
3490
6067
1091
2803
21572
2554
12577
12900
6374
12167
3256
2434
2913
630
2966
715
7203
7921
2228
4130
3653
2935
3759
2842
8646
22650
1269
1607
923
972
3426
8105
683
3409
3927
1640
2479
4024
6857
12443
5072
4235
8638
13361
17994
2101
3741
5450
2733
2773
15639
15480
4912
2066
5578
5589
9113
2494
10540
17603
12012
676
4873
571
10701
24782
9031
5538
5406
4625
10161
8859
4857
570
5991
1160
899
3210
9940
13444
4498
865
3276
10244
4801
1040
10043
1210
4912
30162
3297
1163
7746
16314
6390
15699
7655
4343
3979
16254
1665
272
6243
8892
2218
861
3005
11619
5892
29132
5932
1154
14249
16830
6579
7279
4655
1950
1801
776
5346
813
19638
21128
1657
8452
662
13492
4564
901
3998
410
10186
1087
5235
5751
18218
1248
5345
1668
11907
8532
3249
1190
7728
2194
11666
2130
3772
16114
8124
1459
16803
1993
1636
23121
1235
773
4867
4891
474
35463
1918
7353
4856
6403
9750
1701
26319
3048
1613
24281
1049
13424
1706
2977
2137
3545
2023
982
17303
9528
7503
5312
13193
1716
6079
5342
10562
15729
22728
7281
18989
5790
1935
1121
19998
16543
11877
11204
4458
1023
20814
1477
1768
1404
2488
4417
1248
8303
2241
62303
2390
26396
5166
2915
8063
1380
1729
5262
6366
7158
3857
2447
9024
4111
4398
1461
1268
5075
3889
4689
7327
7375
2410
25408
1181
769
4555
723
4515
3119
3865
486
26300
13570
3958
1913
1291
4787
1921
2668
12302
4031
3310
2726
3323
5036
1433
3976
2442
6741
4607
6926
4188
2838
2263
2798
1448
7628
5299
12702
759
756
1448
1756
3655
3056
1342
2319
7353
5751
33642
272
15022
3722
244
14270
8420
2301
9234
5462
630
12438
5737
1501
2866
3148
1145
1547
20333
8848
3327
2869
5102
1133
1790
3946
8939
1499
2648
7325
7567
7066
1190
12784
6620
3662
2024
12492
3238
2172
3344
23193
3931
6096
1516
5574
2993
9711
11875
5839
1723
1548
8027
4194
27096
4638
4680
1697
3179
6556
1184
1274
4766
1840
1153
5086
684
13885
7696
16907
17515
2644
1926
15361
3358
2432
3555
17053
323
3265
8895
866
2663
4576
2438
2475
22146
10153
2262
415
18652
16310
1878
1287
3741
24119
5856
13457
11499
8537
3869
13135
1146
17876
3255
12919
3897
3098
12767
1562
2759
12963
1582
3404
2023
3229
1065
15767
5582
2017
779124380
531521914
657892612
811364759
724659010
31468294
570840365
269338621
915988215
