1
0
0
0
0
0
0
0
0
0
3
13
1
1
8
0
0
0
0
1
0
1
0
549
0
0
0
0
9
0
0
3
288
0
192
503245
0
64
1
126
2
0
0
9437263
1979210
0
187150
168
274735
511
712324784
0
50574364
163555305
794
373
228345
147091704
1
0
0
502014318
41462472
943619
273034547
385607
13142236
151043759
26812880
0
958106893
220786349
128928
539115932
535808
853282129
56934151
541275452
0
402423212
766744431
1505425
619768566
0
94988363
899650108
317733491
0
897562023
247054986
818102234
779691761
805311171
32768
477901271
291532236
704103653
0
294845293
749550424
