169294370 1
160267517 1
132809595 1
158403537 1
149632567 1
178018690 1
183401014 1
131849727 1
174960791 1
163451075 1
201435249 1
123685990 1
154901782 1
184086038 1
124050192 1
186161621 1
144205371 1
154497056 1
150581951 1
154126848 1
128286510 1
136873027 1
135822839 1
154249045 1
165257455 1
113823701 1
185179326 1
178112015 1
194050129 1
173735967 1
176712158 1
161494053 1
154407583 1
173347563 1
187198560 1
147715970 1
152530891 1
164758140 1
189124784 1
154481383 1
162510787 1
164485841 1
143846648 1
141355804 1
154978655 1
159273100 1
132895146 1
141460271 1
151747344 1
144350131 1
162616701 1
162384892 1
157827728 1
159344207 1
185236755 1
129371353 1
120197615 1
140126916 1
160679493 1
135263372 1
167704027 1
148195159 1
168726245 1
127208094 1
135005900 1
139813059 1
127843638 1
137756788 1
157398616 1
131797102 1
139622833 1
150712767 1
129429758 1
117566332 1
171131044 1
140606433 1
153741031 1
144306429 1
176820560 1
201418502 1
159314246 1
138358465 1
146525025 1
134246661 1
171907418 1
133986161 1
163588599 1
172861207 1
133560393 1
157116671 1
144389792 1
156602418 1
173597380 1
159209991 1
153399232 1
121100747 1
142079652 1
178776187 1
196924474 1
176721093 1
153444088 1
140321910 1
129257007 1
168476320 1
168006042 1
164253437 1
139218413 1
171845203 1
142456486 1
163532543 1
181345139 1
143786110 1
134099892 1
170769373 1
150988211 1
0 1
0 1
0 48
0 6
0 6710784
0 4386
0 1
0 1
0 238
0 1
0 448
0 1
0 182
0 1
0 1
0 2
0 1
0 1
0 1
0 8
0 421
0 6352
0 1
0 1
0 2
0 6
0 30
0 1
0 6
0 4
0 564
0 2
0 1
0 12
0 38
0 1
0 1
0 1
0 1
0 1
0 1
0 1
0 10547712
0 36
0 1
0 3359232
0 1
0 1
0 1
0 36032
0 1
0 1
0 13588
0 10518
0 1743
0 88288
0 224
0 1
0 7927808
0 1
0 299
0 1
0 1
0 2
0 2
0 18
0 1
0 1
0 1
0 1
0 17
0 1
0 2
0 1
0 1
0 347
0 1
0 1
0 1
0 148
0 1
0 1
0 288
0 1008
0 157184
0 1
0 3
0 1
0 2
0 54
0 2
0 4
0 1
0 2657664
0 2
0 78
0 21
0 1
0 18
0 1
0 10506240
0 17
0 2
0 322848
0 1
0 1
0 32
0 2
0 161
0 1
0 12
0 21
0 1
0 1
0 79
168965144 1
158866503 1
205988361 1
179372258 1
188543934 1
189793683 1
208052159 1
184251159 1
187577944 1
179566918 1
0 3309
0 1576
0 24819
0 22619
0 145284
0 407270
0 594365
0 1488334
0 1953234
0 2178309
166270240 1
108290917 1
125369293 1
162954808 1
155490701 1
142248814 1
163897911 1
181342132 1
185509679 1
177106623 1
0 1
0 1
0 4
0 4
0 80
0 70
0 794
0 5122
0 21890
0 89303
187159434 1
165336082 1
176400254 1
186206891 1
156705536 1
191327176 1
186611988 1
185865081 1
187279547 1
208003939 1
0 16777216
0 16777216
0 33554432
0 16777216
0 16777216
0 16777216
0 16777216
0 16777216
0 33554432
0 117440512
0 2251799813685248
0 18014398509481984
269307671 1
300780833 1
345697529 1
0 1585173608041
0 4052739537881
352260042 1
0 130326172
0 4571198199
