785
81
342
2260
765
1656
8798
276
567
1
117
0
432
30
0
68
38
1315
0
1
8584
1
19
3
2
1
2702
2551
14
27
63
1
145
16
91500
40893
91500
91500
81626
91500
87554
35634
85950
91500
91500
55641
90768
81578
1755
91500
70165
91500
91500
91500
91500
91500
91500
91500
89250
90750
1
91500
46038
90250
91500
91500
91500
91500
91500
91500
91500
91500
91500
91500
91500
91500
91500
91500
91500
91500
91500
91500
91500
91500
91500
75750
91500
91500
91500
91500
91500
91500
91500
91500
12250000
1427644
3357961
17345863
18300000
36200000
