1
-1
499122177
499122177
540815376
1
888438057
73889964
834162249
570578759
625957429
159595244
1
804140746
320946142
463838101
1
928027332
389962484
159595244
532653358
343639189
66523513
744360574
625957429
171819595
343639189
625957429
1
7959953
945564642
998244353
998244353
499122177
487498578
1
-1
744360574
632683935
946499376
625957429
625957429
201382651
720526413
818583421
1
913788663
643215252
437745269
177531141
484798309
175167130
461268365
791740755
330236538
307717345
320946142
28748034
666081454
182394252
142057512
312978715
899284812
629906766
275847146
660473075
7959953
404076145
210206376
829358714
964071166
215110000
736055365
866953308
43999878
499122177
222027152
651011603
665587488
549601803
855092253
402442961
194345299
355454313
335436072
532653358
978888355
786894016
53232827
721428346
1
81571204
1
199925245
615514137
945267855
66106932
524997320
377932949
236987810
